19.6.2025, 4:46:25 - DEBUG - auth.service - signup with email: galisraeli97@gmail.com
19.6.2025, 4:46:26 - DEBUG - auth.route - new account created: {"username":"galisraeli97@gmail.com","password":"$2b$10$h90MYnFzaOtQdpg/JAW.Vujc2mw3Q2kysz/rF4sKV.ovR1zn9rtZa","fullname":"","createdAt":1750297586775,"imgUrl":"https://cdn.pixabay.com/photo/2020/07/01/12/58/icon-5359553_1280.png","_id":"68536bf28dbfc26f728dd877"}
19.6.2025, 4:46:26 - ERROR - Failed to signup Unknown username
19.6.2025, 4:50:01 - DEBUG - auth.service - signup with email: test@test.com
19.6.2025, 4:50:02 - DEBUG - auth.route - new account created: {"username":"test@test.com","password":"$2b$10$VKujNUo6KRfRRJ/8pAh77ubgDCL3HLPf28d19oafyyU53Gu6Dnl.C","fullname":"","createdAt":1750297802885,"imgUrl":"https://cdn.pixabay.com/photo/2020/07/01/12/58/icon-5359553_1280.png","_id":"68536cca143ee03d9c3ef53e"}
19.6.2025, 4:50:03 - ERROR - Failed to signup Unknown username
19.6.2025, 4:51:14 - DEBUG - auth.service - signup with email: gaby@test.com
19.6.2025, 4:51:14 - DEBUG - auth.route - new account created: {"username":"gaby@test.com","password":"$2b$10$fQtHrSZ6c39SgREH07JjqOYNPb/mXPZKBAPBfaZyzI2SmqrZvMELO","fullname":"","createdAt":1750297874852,"imgUrl":"https://cdn.pixabay.com/photo/2020/07/01/12/58/icon-5359553_1280.png","_id":"68536d12143ee03d9c3ef53f"}
19.6.2025, 4:51:15 - ERROR - Failed to signup Unknown username
19.6.2025, 4:51:52 - DEBUG - auth.service - signup with email: gaby@test.com
19.6.2025, 4:51:53 - DEBUG - auth.route - new account created: {}
19.6.2025, 4:51:53 - INFO - User signup: | {}
19.6.2025, 4:52:22 - DEBUG - auth.service - signup with email: testy@t.t
19.6.2025, 4:52:23 - DEBUG - auth.route - new account created: {}
19.6.2025, 4:52:23 - INFO - User signup: | {}
19.6.2025, 4:54:28 - DEBUG - auth.service - signup with email: testy@t.t
19.6.2025, 4:54:28 - ERROR - Failed to signup TypeError: userService.getByEmail is not a function
19.6.2025, 4:55:42 - DEBUG - auth.service - signup with email: testy@t.t
19.6.2025, 4:55:43 - DEBUG - auth.route - new account created: {"email":"testy@t.t"}
19.6.2025, 4:55:43 - INFO - User signup: | {"email":"testy@t.t"}
19.6.2025, 4:58:52 - ERROR - Failed to Login Unknown email
19.6.2025, 4:59:29 - INFO - User login: | {"email":"testy@t.t"}
19.6.2025, 4:59:35 - INFO - User login: | {"email":"testy@t.t"}
19.6.2025, 4:59:41 - ERROR - Failed to Login Unknown email
19.6.2025, 4:59:51 - ERROR - Failed to Login Unknown email
19.6.2025, 5:00:39 - ERROR - Failed to Login Unknown email
19.6.2025, 5:00:44 - ERROR - Failed to Login Invalid email or password
19.6.2025, 5:01:04 - ERROR - Failed to Login Invalid password
19.6.2025, 5:01:15 - INFO - User login: | {"email":"testy@t.t"}
19.6.2025, 5:01:19 - INFO - User login: | {"email":"testy@t.t"}
19.6.2025, 5:02:33 - INFO - User login: | {"email":"banansoz"}
19.6.2025, 5:02:34 - INFO - User login: | {"email":"banansoz"}
19.6.2025, 5:02:39 - INFO - User login: | {"email":"testy@t.t"}
19.6.2025, 5:02:57 - INFO - User login: | {"email":"testy@t.t"}
19.6.2025, 5:04:09 - ERROR - Failed to Login Invalid password
19.6.2025, 5:04:11 - INFO - User login: | {"email":"testy@t.t"}
19.6.2025, 5:05:48 - INFO - User login: | {"email":"testy@t.t"}
19.6.2025, 5:07:01 - INFO - User login: | {"email":"testy@t.t"}
19.6.2025, 5:07:20 - INFO - User login: | {"email":"testy@t.t"}
19.6.2025, 5:07:36 - DEBUG - auth.service - signup with email: galisraeli97@gmail.com
19.6.2025, 5:07:36 - DEBUG - auth.route - new account created: {"email":"galisraeli97@gmail.com"}
19.6.2025, 5:07:36 - INFO - User signup: | {"email":"galisraeli97@gmail.com"}
23.6.2025, 12:57:02 - ERROR - Failed to Login Unknown email
23.6.2025, 13:04:05 - ERROR - Failed to Login Unknown email
23.6.2025, 13:07:30 - ERROR - Failed to Login Unknown email
23.6.2025, 13:12:25 - ERROR - Failed to Login Unknown email
23.6.2025, 13:14:14 - ERROR - Failed to Login Unknown email
23.6.2025, 13:16:39 - ERROR - Failed to Login Invalid password
23.6.2025, 13:16:47 - INFO - User login: | {"email":"testy@t.t"}
23.6.2025, 13:21:26 - ERROR - Failed to Login TypeError: Cannot read properties of undefined (reading 'password')
23.6.2025, 13:22:20 - INFO - User login: | {"email":"testy@t.t"}
23.6.2025, 13:22:38 - INFO - User login: | {"email":"testy@t.t"}
23.6.2025, 13:23:11 - INFO - User login!: | {"email":"testy@t.t"}
23.6.2025, 13:26:18 - INFO - User login: | {"email":"testy@t.t"}
23.6.2025, 13:33:40 - ERROR - Failed to Login Invalid password
23.6.2025, 13:33:43 - ERROR - Failed to Login Invalid password
23.6.2025, 13:33:46 - INFO - User login: | {"email":"testy@t.t"}
23.6.2025, 13:40:36 - INFO - User login: | {"email":"galisraeli97@gmail.com"}
23.6.2025, 14:12:44 - INFO - User login: | {"email":"testy@t.t"}
